#
# A fatal error has been detected by the Java Runtime Environment:
#
# java.lang.OutOfMemoryError: Cannot create GC thread. Out of system resources.
#
#  Internal Error (gcTaskThread.cpp:38), pid=3535, tid=47316413520592
#  Error: Cannot create GC thread. Out of system resources.
#
# JRE version: 6.0_21-b06
# Java VM: Java HotSpot(TM) 64-Bit Server VM (17.0-b16 mixed mode linux-amd64 )
# If you would like to submit a bug report, please visit:
#   http://java.sun.com/webapps/bugreport/crash.jsp
#

---------------  T H R E A D  ---------------

Current thread (0x0000000055c39000):  JavaThread "Unknown thread" [_thread_in_vm, id=3535, stack(0x00007fff5cc22000,0x00007fff5cd22000)]

Stack: [0x00007fff5cc22000,0x00007fff5cd22000],  sp=0x00007fff5cd1cb80,  free space=3ea0000000000000018k
Native frames: (J=compiled Java code, j=interpreted, Vv=VM code, C=native code)
V  [libjvm.so+0x730610]
V  [libjvm.so+0x2f3168]
V  [libjvm.so+0x37572d]
V  [libjvm.so+0x37426e]
V  [libjvm.so+0x374003]
V  [libjvm.so+0x60969f]
V  [libjvm.so+0x70a099]
V  [libjvm.so+0x709bea]
V  [libjvm.so+0x3b5600]
V  [libjvm.so+0x6f1ccf]
V  [libjvm.so+0x41ffd0]


---------------  P R O C E S S  ---------------

Java Threads: ( => current thread )

Other Threads:

=>0x0000000055c39000 (exited) JavaThread "Unknown thread" [_thread_in_vm, id=3535, stack(0x00007fff5cc22000,0x00007fff5cd22000)]

VM state:not at safepoint (not fully initialized)

VM Mutex/Monitor currently owned by a thread: None

Dynamic libraries:
40000000-40009000 r-xp 00000000 00:18 1357209                            /usr/csshare/pkgs/jdk1.6.0_21_x86_64/jre/bin/java
40108000-4010a000 rwxp 00008000 00:18 1357209                            /usr/csshare/pkgs/jdk1.6.0_21_x86_64/jre/bin/java
407ab000-407ac000 ---p 407ab000 00:00 0 
407ac000-408ac000 rwxp 407ac000 00:00 0 
55c30000-55c51000 rwxp 55c30000 00:00 0                                  [heap]
3104400000-310441c000 r-xp 00000000 09:00 8028239                        /lib64/ld-2.5.so
310461c000-310461d000 r-xp 0001c000 09:00 8028239                        /lib64/ld-2.5.so
310461d000-310461e000 rwxp 0001d000 09:00 8028239                        /lib64/ld-2.5.so
3104800000-310494e000 r-xp 00000000 09:00 8028243                        /lib64/libc-2.5.so
310494e000-3104b4e000 ---p 0014e000 09:00 8028243                        /lib64/libc-2.5.so
3104b4e000-3104b52000 r-xp 0014e000 09:00 8028243                        /lib64/libc-2.5.so
3104b52000-3104b53000 rwxp 00152000 09:00 8028243                        /lib64/libc-2.5.so
3104b53000-3104b58000 rwxp 3104b53000 00:00 0 
3104c00000-3104c82000 r-xp 00000000 09:00 8028327                        /lib64/libm-2.5.so
3104c82000-3104e81000 ---p 00082000 09:00 8028327                        /lib64/libm-2.5.so
3104e81000-3104e82000 r-xp 00081000 09:00 8028327                        /lib64/libm-2.5.so
3104e82000-3104e83000 rwxp 00082000 09:00 8028327                        /lib64/libm-2.5.so
3105000000-3105002000 r-xp 00000000 09:00 8028352                        /lib64/libdl-2.5.so
3105002000-3105202000 ---p 00002000 09:00 8028352                        /lib64/libdl-2.5.so
3105202000-3105203000 r-xp 00002000 09:00 8028352                        /lib64/libdl-2.5.so
3105203000-3105204000 rwxp 00003000 09:00 8028352                        /lib64/libdl-2.5.so
3105400000-3105416000 r-xp 00000000 09:00 8028384                        /lib64/libpthread-2.5.so
3105416000-3105615000 ---p 00016000 09:00 8028384                        /lib64/libpthread-2.5.so
3105615000-3105616000 r-xp 00015000 09:00 8028384                        /lib64/libpthread-2.5.so
3105616000-3105617000 rwxp 00016000 09:00 8028384                        /lib64/libpthread-2.5.so
3105617000-310561b000 rwxp 3105617000 00:00 0 
3108000000-3108007000 r-xp 00000000 09:00 8028385                        /lib64/librt-2.5.so
3108007000-3108207000 ---p 00007000 09:00 8028385                        /lib64/librt-2.5.so
3108207000-3108208000 r-xp 00007000 09:00 8028385                        /lib64/librt-2.5.so
3108208000-3108209000 rwxp 00008000 09:00 8028385                        /lib64/librt-2.5.so
310e600000-310e615000 r-xp 00000000 09:00 8028508                        /lib64/libnsl-2.5.so
310e615000-310e814000 ---p 00015000 09:00 8028508                        /lib64/libnsl-2.5.so
310e814000-310e815000 r-xp 00014000 09:00 8028508                        /lib64/libnsl-2.5.so
310e815000-310e816000 rwxp 00015000 09:00 8028508                        /lib64/libnsl-2.5.so
310e816000-310e818000 rwxp 310e816000 00:00 0 
2aaaaaac9000-2aaaaaad6000 r-xp 00000000 00:18 551343                     /usr/csshare/pkgs/jdk1.6.0_21_x86_64/jre/lib/amd64/libverify.so
2aaaaaad6000-2aaaaabd5000 ---p 0000d000 00:18 551343                     /usr/csshare/pkgs/jdk1.6.0_21_x86_64/jre/lib/amd64/libverify.so
2aaaaabd5000-2aaaaabd8000 rwxp 0000c000 00:18 551343                     /usr/csshare/pkgs/jdk1.6.0_21_x86_64/jre/lib/amd64/libverify.so
2aaaaabd8000-2aaaaac00000 r-xp 00000000 00:18 374712                     /usr/csshare/pkgs/jdk1.6.0_21_x86_64/jre/lib/amd64/libjava.so
2aaaaac00000-2aaaaad00000 ---p 00028000 00:18 374712                     /usr/csshare/pkgs/jdk1.6.0_21_x86_64/jre/lib/amd64/libjava.so
2aaaaad00000-2aaaaad07000 rwxp 00028000 00:18 374712                     /usr/csshare/pkgs/jdk1.6.0_21_x86_64/jre/lib/amd64/libjava.so
2aaaaad07000-2aaaaad08000 r-xp 2aaaaad07000 00:00 0 
2aaaaad08000-2aaaaad09000 rwxp 2aaaaad08000 00:00 0 
2aaaaad09000-2aaaaad10000 r-xp 00000000 00:18 1636677                    /usr/csshare/pkgs/jdk1.6.0_21_x86_64/jre/lib/amd64/native_threads/libhpi.so
2aaaaad10000-2aaaaae11000 ---p 00007000 00:18 1636677                    /usr/csshare/pkgs/jdk1.6.0_21_x86_64/jre/lib/amd64/native_threads/libhpi.so
2aaaaae11000-2aaaaae13000 rwxp 00008000 00:18 1636677                    /usr/csshare/pkgs/jdk1.6.0_21_x86_64/jre/lib/amd64/native_threads/libhpi.so
2aaaaae13000-2aaaaae14000 rwxp 2aaaaae13000 00:00 0 
2aaaaae14000-2aaaaae1c000 rwxs 00000000 09:00 11342841                   /tmp/hsperfdata_ehuan010/3535
2aaaaae31000-2aaaaae3b000 r-xp 00000000 09:00 8028241                    /lib64/libnss_files-2.5.so
2aaaaae3b000-2aaaab03a000 ---p 0000a000 09:00 8028241                    /lib64/libnss_files-2.5.so
2aaaab03a000-2aaaab03b000 r-xp 00009000 09:00 8028241                    /lib64/libnss_files-2.5.so
2aaaab03b000-2aaaab03c000 rwxp 0000a000 09:00 8028241                    /lib64/libnss_files-2.5.so
2aaaab03c000-2aaaab045000 r-xp 00000000 09:00 8028290                    /lib64/libnss_nis-2.5.so
2aaaab045000-2aaaab245000 ---p 00009000 09:00 8028290                    /lib64/libnss_nis-2.5.so
2aaaab245000-2aaaab246000 r-xp 00009000 09:00 8028290                    /lib64/libnss_nis-2.5.so
2aaaab246000-2aaaab247000 rwxp 0000a000 09:00 8028290                    /lib64/libnss_nis-2.5.so
2aaaab247000-2aaaab255000 r-xp 00000000 00:18 551344                     /usr/csshare/pkgs/jdk1.6.0_21_x86_64/jre/lib/amd64/libzip.so
2aaaab255000-2aaaab357000 ---p 0000e000 00:18 551344                     /usr/csshare/pkgs/jdk1.6.0_21_x86_64/jre/lib/amd64/libzip.so
2aaaab357000-2aaaab35a000 rwxp 00010000 00:18 551344                     /usr/csshare/pkgs/jdk1.6.0_21_x86_64/jre/lib/amd64/libzip.so
2aaaab35a000-2aaaab5cb000 rwxp 2aaaab35a000 00:00 0 
2aaaab5cb000-2aaaae35b000 rwxp 2aaaab5cb000 00:00 0 
2aaaae35b000-2aaaae365000 rwxp 2aaaae35b000 00:00 0 
2aaaae365000-2aaaae41b000 rwxp 2aaaae365000 00:00 0 
2aaaae420000-2aaaaf8e0000 rwxp 2aaaae420000 00:00 0 
2aaaaf8e0000-2aaab3820000 rwxp 2aaaaf8e0000 00:00 0 
2aaab3820000-2aaae2ab0000 rwxp 2aaab3820000 00:00 0 
2aaae2ab0000-2aada6180000 rwxp 2aaae2ab0000 00:00 0 
2aada6180000-2aadbdac0000 rwxp 2aada6180000 00:00 0 
2aadbdac0000-2aaf1f620000 rwxp 2aadbdac0000 00:00 0 
2aaf1f620000-2aaf1f62b000 rwxp 2aaf1f620000 00:00 0 
2aaf1f62b000-2aaf1f64a000 rwxp 2aaf1f62b000 00:00 0 
2aaf1f64a000-2aaf1f7c4000 rwxp 2aaf1f64a000 00:00 0 
2aaf1f7c4000-2aaf20dde000 rwxp 2aaf1f7c4000 00:00 0 
2aaf20dde000-2aaf20e9c000 rwxp 2aaf20dde000 00:00 0 
2aaf20e9c000-2aaf219a9000 rwxp 2aaf20e9c000 00:00 0 
2aaf219a9000-2aaf21b24000 rwxp 2aaf219a9000 00:00 0 
2aaf21b24000-2aaf2313f000 rwxp 2aaf21b24000 00:00 0 
2aaf2313f000-2aaf2314a000 rwxp 2aaf2313f000 00:00 0 
2aaf2314a000-2aaf23169000 rwxp 2aaf2314a000 00:00 0 
2b08b5f27000-2b08b5f29000 rwxp 2b08b5f27000 00:00 0 
2b08b5f46000-2b08b5f4d000 r-xp 00000000 00:18 432810                     /usr/csshare/pkgs/jdk1.6.0_21_x86_64/jre/lib/amd64/jli/libjli.so
2b08b5f4d000-2b08b604e000 ---p 00007000 00:18 432810                     /usr/csshare/pkgs/jdk1.6.0_21_x86_64/jre/lib/amd64/jli/libjli.so
2b08b604e000-2b08b6050000 rwxp 00008000 00:18 432810                     /usr/csshare/pkgs/jdk1.6.0_21_x86_64/jre/lib/amd64/jli/libjli.so
2b08b6050000-2b08b6053000 rwxp 2b08b6050000 00:00 0 
2b08b6053000-2b08b682d000 r-xp 00000000 00:18 370903                     /usr/csshare/pkgs/jdk1.6.0_21_x86_64/jre/lib/amd64/server/libjvm.so
2b08b682d000-2b08b692f000 ---p 007da000 00:18 370903                     /usr/csshare/pkgs/jdk1.6.0_21_x86_64/jre/lib/amd64/server/libjvm.so
2b08b692f000-2b08b6ac0000 rwxp 007dc000 00:18 370903                     /usr/csshare/pkgs/jdk1.6.0_21_x86_64/jre/lib/amd64/server/libjvm.so
2b08b6ac0000-2b08b6afb000 rwxp 2b08b6ac0000 00:00 0 
7fff5cc22000-7fff5cc25000 ---p 7fff5cc22000 00:00 0 
7fff5cc26000-7fff5cd22000 rwxp 7ffffff02000 00:00 0                      [stack]
7fff5cdfd000-7fff5ce00000 r-xp 7fff5cdfd000 00:00 0                      [vdso]
ffffffffff600000-ffffffffffe00000 ---p 00000000 00:00 0                  [vsyscall]

VM Arguments:
jvm_args: -D__jvm_launched=251901692928 -Xbootclasspath/a:/usr/csshare/pkgs/jdk1.6.0_21_x86_64/jre/lib/deploy.jar:/usr/csshare/pkgs/jdk1.6.0_21_x86_64/jre/lib/javaws.jar:/usr/csshare/pkgs/jdk1.6.0_21_x86_64/jre/lib/plugin.jar -Dsun.awt.warmup=true 
java_command: sun.plugin2.main.client.PluginMain write_pipe_name=/tmp/.com.sun.deploy.net.socket.1814.4415555452438205057.AF_UNIX
Launcher Type: SUN_STANDARD

Environment Variables:
PATH=/home/csmajs/ehuan010/bin:/usr/csshare/bin:/usr/csshare/sbin:/usr/bin/:/bin:/usr/local/bin:/usr/ucb:/sbin:/usr/sbin:/usr/local/sbin:/usr/bin/X11:/usr/X11R6/bin:/usr/local/X11:/usr/local/bin/X11:/usr/openwin/bin:.
LD_LIBRARY_PATH=/usr/csshare/pkgs/jdk1.6.0_21_x86_64/jre/lib/amd64/server:/usr/csshare/pkgs/jdk1.6.0_21_x86_64/jre/lib/amd64:/usr/csshare/pkgs/jdk1.6.0_21_x86_64/jre/../lib/amd64:/usr/lib64/firefox-3.6:/usr/lib64/firefox-3.6/plugins:/usr/lib64/firefox-3.6
SHELL=/bin/bash
DISPLAY=localhost:21.0

Signal Handlers:
SIGSEGV: [libjvm.so+0x7311c0], sa_mask[0]=0x7ffbfeff, sa_flags=0x10000004
SIGBUS: [libjvm.so+0x7311c0], sa_mask[0]=0x7ffbfeff, sa_flags=0x10000004
SIGFPE: [libjvm.so+0x5f5da0], sa_mask[0]=0x7ffbfeff, sa_flags=0x10000004
SIGPIPE: [libjvm.so+0x5f5da0], sa_mask[0]=0x7ffbfeff, sa_flags=0x10000004
SIGXFSZ: [libjvm.so+0x5f5da0], sa_mask[0]=0x7ffbfeff, sa_flags=0x10000004
SIGILL: [libjvm.so+0x5f5da0], sa_mask[0]=0x7ffbfeff, sa_flags=0x10000004
SIGUSR1: SIG_DFL, sa_mask[0]=0x00000000, sa_flags=0x00000000
SIGUSR2: [libjvm.so+0x5f85c0], sa_mask[0]=0x00000004, sa_flags=0x10000004
SIGHUP: SIG_DFL, sa_mask[0]=0x00000000, sa_flags=0x00000000
SIGINT: SIG_DFL, sa_mask[0]=0x00000000, sa_flags=0x00000000
SIGTERM: SIG_DFL, sa_mask[0]=0x00000000, sa_flags=0x00000000
SIGQUIT: SIG_DFL, sa_mask[0]=0x00000000, sa_flags=0x00000000


---------------  S Y S T E M  ---------------

OS:CentOS release 5.7 (Final)

uname:Linux 2.6.18-274.7.1.el5 #1 SMP Thu Oct 20 16:21:01 EDT 2011 x86_64
libc:glibc 2.5 NPTL 2.5 
rlimit: STACK 10240k, CORE 0k, NPROC 100, NOFILE 800, AS infinity
load average:6.08 5.19 4.00

CPU:total 16 (8 cores per cpu, 2 threads per core) family 6 model 26 stepping 5, cmov, cx8, fxsr, mmx, sse, sse2, sse3, ssse3, sse4.1, sse4.2, popcnt, ht

Memory: 4k page, physical 74172096k(58904200k free), swap 4096440k(4096440k free)

vm_info: Java HotSpot(TM) 64-Bit Server VM (17.0-b16) for linux-amd64 JRE (1.6.0_21-b06), built on Jun 22 2010 01:10:00 by "java_re" with gcc 3.2.2 (SuSE Linux)

time: Fri Nov 18 10:24:41 2011
elapsed time: 0 seconds

